# JRE version: OpenJDK Runtime Environment Temurin-17.0.6+10 (17.0.6+10) (build 17.0.6+10)
# Java VM: OpenJDK 64-Bit Server VM Temurin-17.0.6+10 (17.0.6+10, mixed mode, tiered, compressed oops, compressed class ptrs, g1 gc, windows-amd64)
GC Precious Log:
 CPUs: 8 total, 8 available
 Memory: 8043M
 Large Page Support: Disabled
 NUMA Support: Disabled
 Compressed Oops: Enabled (32-bit)
 Heap Region Size: 1M
 Heap Min Capacity: 8M
 Heap Initial Capacity: 126M
 Heap Max Capacity: 2012M
 Pre-touch: Disabled
 Parallel Workers: 8
 Concurrent Workers: 2
 Concurrent Refinement Workers: 8
 Periodic GC: Disabled
Heap:
 garbage-first heap   total 72704K, used 50313K [0x0000000082400000, 0x0000000100000000)
  region size 1024K, 16 young (16384K), 3 survivors (3072K)
 Metaspace       used 88125K, committed 88768K, reserved 1130496K
  class space    used 11179K, committed 11456K, reserved 1048576K
GC Heap History (20 events):
Event: 18.262 GC heap before
{Heap before GC invocations=38 (full 0):
 garbage-first heap   total 60416K, used 49609K [0x0000000082400000, 0x0000000100000000)
  region size 1024K, 21 young (21504K), 3 survivors (3072K)
 Metaspace       used 77428K, committed 78016K, reserved 1122304K
  class space    used 9894K, committed 10176K, reserved 1048576K
}
Event: 18.266 GC heap after
{Heap after GC invocations=39 (full 0):
 garbage-first heap   total 72704K, used 32298K [0x0000000082400000, 0x0000000100000000)
  region size 1024K, 3 young (3072K), 3 survivors (3072K)
 Metaspace       used 77428K, committed 78016K, reserved 1122304K
  class space    used 9894K, committed 10176K, reserved 1048576K
}
Event: 38.107 GC heap before
{Heap before GC invocations=40 (full 0):
 garbage-first heap   total 72704K, used 56874K [0x0000000082400000, 0x0000000100000000)
  region size 1024K, 28 young (28672K), 3 survivors (3072K)
 Metaspace       used 79884K, committed 80448K, reserved 1122304K
  class space    used 10183K, committed 10432K, reserved 1048576K
}
Event: 38.113 GC heap after
{Heap after GC invocations=41 (full 0):
 garbage-first heap   total 72704K, used 32975K [0x0000000082400000, 0x0000000100000000)
  region size 1024K, 2 young (2048K), 2 survivors (2048K)
 Metaspace       used 79884K, committed 80448K, reserved 1122304K
  class space    used 10183K, committed 10432K, reserved 1048576K
}
Event: 38.563 GC heap before
{Heap before GC invocations=41 (full 0):
 garbage-first heap   total 72704K, used 58575K [0x0000000082400000, 0x0000000100000000)
  region size 1024K, 28 young (28672K), 2 survivors (2048K)
 Metaspace       used 82338K, committed 82880K, reserved 1122304K
  class space    used 10581K, committed 10816K, reserved 1048576K
}
Event: 38.567 GC heap after
{Heap after GC invocations=42 (full 0):
 garbage-first heap   total 72704K, used 33305K [0x0000000082400000, 0x0000000100000000)
  region size 1024K, 3 young (3072K), 3 survivors (3072K)
 Metaspace       used 82338K, committed 82880K, reserved 1122304K
  class space    used 10581K, committed 10816K, reserved 1048576K
}
Event: 39.031 GC heap before
{Heap before GC invocations=42 (full 0):
 garbage-first heap   total 72704K, used 57881K [0x0000000082400000, 0x0000000100000000)
  region size 1024K, 28 young (28672K), 3 survivors (3072K)
 Metaspace       used 84464K, committed 85056K, reserved 1130496K
  class space    used 10850K, committed 11136K, reserved 1048576K
}
Event: 39.035 GC heap after
{Heap after GC invocations=43 (full 0):
 garbage-first heap   total 72704K, used 35838K [0x0000000082400000, 0x0000000100000000)
  region size 1024K, 4 young (4096K), 4 survivors (4096K)
 Metaspace       used 84464K, committed 85056K, reserved 1130496K
  class space    used 10850K, committed 11136K, reserved 1048576K
}
Event: 141.411 GC heap before
{Heap before GC invocations=43 (full 0):
 garbage-first heap   total 72704K, used 58366K [0x0000000082400000, 0x0000000100000000)
  region size 1024K, 26 young (26624K), 4 survivors (4096K)
 Metaspace       used 86185K, committed 86784K, reserved 1130496K
  class space    used 11045K, committed 11328K, reserved 1048576K
}
Event: 141.421 GC heap after
{Heap after GC invocations=44 (full 0):
 garbage-first heap   total 72704K, used 35976K [0x0000000082400000, 0x0000000100000000)
  region size 1024K, 1 young (1024K), 1 survivors (1024K)
 Metaspace       used 86185K, committed 86784K, reserved 1130496K
  class space    used 11045K, committed 11328K, reserved 1048576K
}
Event: 141.521 GC heap before
{Heap before GC invocations=44 (full 0):
 garbage-first heap   total 72704K, used 35976K [0x0000000082400000, 0x0000000100000000)
  region size 1024K, 2 young (2048K), 1 survivors (1024K)
 Metaspace       used 86251K, committed 86848K, reserved 1130496K
  class space    used 11057K, committed 11328K, reserved 1048576K
}
Event: 141.601 GC heap after
{Heap after GC invocations=45 (full 1):
 garbage-first heap   total 72704K, used 29950K [0x0000000082400000, 0x0000000100000000)
  region size 1024K, 0 young (0K), 0 survivors (0K)
 Metaspace       used 86251K, committed 86848K, reserved 1130496K
  class space    used 11057K, committed 11328K, reserved 1048576K
}
Event: 142.262 GC heap before
{Heap before GC invocations=45 (full 1):
 garbage-first heap   total 72704K, used 55550K [0x0000000082400000, 0x0000000100000000)
  region size 1024K, 26 young (26624K), 0 survivors (0K)
 Metaspace       used 86466K, committed 87104K, reserved 1130496K
  class space    used 11068K, committed 11392K, reserved 1048576K
}
Event: 142.265 GC heap after
{Heap after GC invocations=46 (full 1):
 garbage-first heap   total 72704K, used 32289K [0x0000000082400000, 0x0000000100000000)
  region size 1024K, 3 young (3072K), 3 survivors (3072K)
 Metaspace       used 86466K, committed 87104K, reserved 1130496K
  class space    used 11068K, committed 11392K, reserved 1048576K
}
Event: 142.938 GC heap before
{Heap before GC invocations=46 (full 1):
 garbage-first heap   total 72704K, used 55841K [0x0000000082400000, 0x0000000100000000)
  region size 1024K, 26 young (26624K), 3 survivors (3072K)
 Metaspace       used 86944K, committed 87552K, reserved 1130496K
  class space    used 11094K, committed 11392K, reserved 1048576K
}
Event: 142.945 GC heap after
{Heap after GC invocations=47 (full 1):
 garbage-first heap   total 72704K, used 33922K [0x0000000082400000, 0x0000000100000000)
  region size 1024K, 2 young (2048K), 2 survivors (2048K)
 Metaspace       used 86944K, committed 87552K, reserved 1130496K
  class space    used 11094K, committed 11392K, reserved 1048576K
}
Event: 143.180 GC heap before
{Heap before GC invocations=48 (full 1):
 garbage-first heap   total 72704K, used 56450K [0x0000000082400000, 0x0000000100000000)
  region size 1024K, 24 young (24576K), 2 survivors (2048K)
 Metaspace       used 87254K, committed 87872K, reserved 1130496K
  class space    used 11108K, committed 11392K, reserved 1048576K
}
Event: 143.183 GC heap after
{Heap after GC invocations=49 (full 1):
 garbage-first heap   total 72704K, used 35232K [0x0000000082400000, 0x0000000100000000)
  region size 1024K, 2 young (2048K), 2 survivors (2048K)
 Metaspace       used 87254K, committed 87872K, reserved 1130496K
  class space    used 11108K, committed 11392K, reserved 1048576K
}
Event: 162.655 GC heap before
{Heap before GC invocations=49 (full 1):
 garbage-first heap   total 72704K, used 54688K [0x0000000082400000, 0x0000000100000000)
  region size 1024K, 22 young (22528K), 2 survivors (2048K)
 Metaspace       used 87482K, committed 88064K, reserved 1130496K
  class space    used 11113K, committed 11392K, reserved 1048576K
}
Event: 162.665 GC heap after
{Heap after GC invocations=50 (full 1):
 garbage-first heap   total 72704K, used 38025K [0x0000000082400000, 0x0000000100000000)
  region size 1024K, 3 young (3072K), 3 survivors (3072K)
 Metaspace       used 87482K, committed 88064K, reserved 1130496K
  class space    used 11113K, committed 11392K, reserved 1048576K
}

